[2025-12-17 00:56:03] INFO     __main__: ======================================================================
[2025-12-17 00:56:03] INFO     __main__: RAG-System Datenbank Performance Tests
[2025-12-17 00:56:03] INFO     __main__: ======================================================================
[2025-12-17 00:56:03] INFO     __main__: Gestartet: 2025-12-17 00:56:03
[2025-12-17 00:56:03] INFO     __main__: Konfiguration: D:\Documents\GitHub\DHBW_TIF23_RAG_System\rag_v2\tests\config\test_config.yaml
[2025-12-17 00:56:03] INFO     __main__: Ausgewählte Tests: postgres, mariadb, mysql, mssql, redis, mongo, couchdb, vector
[2025-12-17 00:56:03] INFO     __main__: 
----------------------------------------------------------------------
[2025-12-17 00:56:03] INFO     __main__: Starte Docker-Infrastruktur...
[2025-12-17 00:56:03] INFO     __main__: ----------------------------------------------------------------------
[2025-12-17 00:56:03] INFO     utils.docker_manager: ============================================================
[2025-12-17 00:56:03] INFO     utils.docker_manager: Starte Docker Container...
[2025-12-17 00:56:03] INFO     utils.docker_manager: ============================================================
[2025-12-17 00:56:03] INFO     utils.docker_manager: Führe aus: docker compose -f D:\Documents\GitHub\DHBW_TIF23_RAG_System\rag_v2\tests\docker\docker-compose.yml up -d --wait
[2025-12-17 00:58:34] INFO     utils.docker_manager: Container gestartet, warte auf Initialisierung...
[2025-12-17 00:58:49] INFO     utils.docker_manager: ✓ Alle Container sind bereit!
[2025-12-17 00:58:49] INFO     __main__: 
======================================================================
[2025-12-17 00:58:49] INFO     __main__: Starte POSTGRES Tests
[2025-12-17 00:58:49] INFO     __main__: ======================================================================
[2025-12-17 00:58:49] INFO     db_tests.base_test: ============================================================
[2025-12-17 00:58:49] INFO     db_tests.base_test: Starte Tests für: PostgreSQL
[2025-12-17 00:58:49] INFO     db_tests.base_test: ============================================================
[2025-12-17 00:58:49] INFO     db_tests.base_test: Beschreibung:

    PostgreSQL Relationale Datenbank Performance Tests
    
    WARUM: PostgreSQL speichert strukturierte, ACID-kritische Daten
           (User-Profile, Berechtigungen, Audit-Logs).
    
    HYPOTHESE:
        - Transaktionsbatch ist 50-100x schneller als Single Commits
        - Indizierte Queries sind 10-100x schneller
        - P99 Latenz unter 5ms für indizierte SELECTs
    
    REFERENZ: Modul 4 (Query Paths), Modul 8 (PostgreSQL Commits)
    
[2025-12-17 00:58:49] INFO     db_tests.base_test: ------------------------------------------------------------
[2025-12-17 00:58:49] INFO     db_tests.base_test: Setup...
[2025-12-17 00:58:49] INFO     db_tests.postgres_tests: Verbinde zu PostgreSQL: localhost:5432
[2025-12-17 00:58:49] INFO     db_tests.postgres_tests: ✓ PostgreSQL-Verbindung hergestellt
[2025-12-17 00:58:49] INFO     db_tests.postgres_tests: ✓ Tabellen erstellt
[2025-12-17 00:58:49] INFO     db_tests.postgres_tests: Generiere 10000 User-Datensätze...
[2025-12-17 00:58:49] INFO     utils.data_generator: Generiere 10000 User-Datensätze...
[2025-12-17 00:58:50] INFO     db_tests.postgres_tests: ✓ 10000 Testdaten generiert
[2025-12-17 00:58:50] INFO     db_tests.base_test: Warmup (100 Operationen)...
[2025-12-17 00:58:50] INFO     db_tests.base_test: Führe Tests aus...
[2025-12-17 00:58:50] INFO     db_tests.postgres_tests: Test: Single Commits (jedes INSERT mit COMMIT)
[2025-12-17 00:59:03] INFO     db_tests.base_test:   → PostgreSQL Single Commits: 767 ops/s, P95=1.75ms
[2025-12-17 00:59:03] INFO     db_tests.postgres_tests: Test: Transactional Batch (eine Transaktion)
[2025-12-17 00:59:08] INFO     db_tests.base_test:   → PostgreSQL Transactional Batch: 1,966 ops/s, P95=0.68ms
[2025-12-17 00:59:08] INFO     db_tests.postgres_tests: Test: execute_batch (psycopg2 optimiert)
[2025-12-17 00:59:09] INFO     db_tests.base_test:   → PostgreSQL execute_batch: 11,943 ops/s, P95=0.08ms
[2025-12-17 00:59:09] INFO     db_tests.postgres_tests: Test: Primary Key SELECT
[2025-12-17 00:59:15] INFO     db_tests.base_test:   → PostgreSQL PK SELECT: 1,922 ops/s, P95=0.71ms
[2025-12-17 00:59:15] INFO     db_tests.postgres_tests: Test: Indexed SELECT (role)
[2025-12-17 00:59:15] INFO     db_tests.base_test:   → PostgreSQL Indexed SELECT: 1,854 ops/s, P95=0.73ms
[2025-12-17 00:59:15] INFO     db_tests.postgres_tests: Test: Unindexed SELECT (Sequential Scan)
[2025-12-17 00:59:15] INFO     db_tests.base_test:   → PostgreSQL Unindexed SELECT: 605 ops/s, P95=2.11ms
[2025-12-17 00:59:15] INFO     db_tests.postgres_tests: Starte asynchrone PostgreSQL-Tests...
[2025-12-17 00:59:45] ERROR    db_tests.base_test: Fehler in PostgreSQL Tests: 
[2025-12-17 00:59:45] INFO     db_tests.base_test: Teardown...
[2025-12-17 00:59:45] INFO     db_tests.postgres_tests: ✓ PostgreSQL-Verbindung geschlossen
[2025-12-17 00:59:45] ERROR    __main__: Fehler in postgres Tests: 
Traceback (most recent call last):
  File "D:\Documents\GitHub\DHBW_TIF23_RAG_System\rag_v2\tests\run_tests.py", line 239, in run_tests
    results = test.run_all_tests()
              ^^^^^^^^^^^^^^^^^^^^
  File "D:\Documents\GitHub\DHBW_TIF23_RAG_System\rag_v2\tests\db_tests\base_test.py", line 153, in run_all_tests
    self._run_tests()
  File "D:\Documents\GitHub\DHBW_TIF23_RAG_System\rag_v2\tests\db_tests\postgres_tests.py", line 254, in _run_tests
    asyncio.run(self._run_async_tests())
  File "C:\Program Files\WindowsApps\PythonSoftwareFoundation.Python.3.12_3.12.2800.0_x64__qbz5n2kfra8p0\Lib\asyncio\runners.py", line 195, in run
    return runner.run(main)
           ^^^^^^^^^^^^^^^^
  File "C:\Program Files\WindowsApps\PythonSoftwareFoundation.Python.3.12_3.12.2800.0_x64__qbz5n2kfra8p0\Lib\asyncio\runners.py", line 118, in run
    return self._loop.run_until_complete(task)
           ^^^^^^^^^^^^^^^^^^^^^^^^^^^^^^^^^^^
  File "C:\Program Files\WindowsApps\PythonSoftwareFoundation.Python.3.12_3.12.2800.0_x64__qbz5n2kfra8p0\Lib\asyncio\base_events.py", line 691, in run_until_complete
    return future.result()
           ^^^^^^^^^^^^^^^
  File "D:\Documents\GitHub\DHBW_TIF23_RAG_System\rag_v2\tests\db_tests\postgres_tests.py", line 641, in _run_async_tests
    await conn.execute("TRUNCATE test_users CASCADE")
  File "D:\Documents\GitHub\DHBW_TIF23_RAG_System\rag_v2\.venv\Lib\site-packages\asyncpg\connection.py", line 354, in execute
    result = await self._protocol.query(query, timeout)
             ^^^^^^^^^^^^^^^^^^^^^^^^^^^^^^^^^^^^^^^^^^
  File "asyncpg/protocol/protocol.pyx", line 369, in query
TimeoutError
[2025-12-17 00:59:45] INFO     __main__: 
======================================================================
[2025-12-17 00:59:45] INFO     __main__: Starte MARIADB Tests
[2025-12-17 00:59:45] INFO     __main__: ======================================================================
[2025-12-17 00:59:45] ERROR    __main__: Abhängigkeit fehlt für mariadb: Kein MariaDB/MySQL-Treiber installiert. Installiere mit: pip install mysql-connector-python oder pip install mariadb
[2025-12-17 00:59:45] INFO     __main__: 
======================================================================
[2025-12-17 00:59:45] INFO     __main__: Starte MYSQL Tests
[2025-12-17 00:59:45] INFO     __main__: ======================================================================
[2025-12-17 00:59:45] ERROR    __main__: Abhängigkeit fehlt für mysql: mysql-connector-python nicht installiert. Installiere mit: pip install mysql-connector-python
[2025-12-17 00:59:45] INFO     __main__: 
======================================================================
[2025-12-17 00:59:45] INFO     __main__: Starte MSSQL Tests
[2025-12-17 00:59:45] INFO     __main__: ======================================================================
[2025-12-17 00:59:45] ERROR    __main__: Abhängigkeit fehlt für mssql: pymssql nicht installiert. Installiere mit: pip install pymssql
[2025-12-17 00:59:45] INFO     __main__: 
======================================================================
[2025-12-17 00:59:45] INFO     __main__: Starte REDIS Tests
[2025-12-17 00:59:45] INFO     __main__: ======================================================================
[2025-12-17 00:59:45] INFO     db_tests.base_test: ============================================================
[2025-12-17 00:59:45] INFO     db_tests.base_test: Starte Tests für: Redis
[2025-12-17 00:59:45] INFO     db_tests.base_test: ============================================================
[2025-12-17 00:59:45] INFO     db_tests.base_test: Beschreibung:

    Redis Key-Value Store Performance Tests
    
    WARUM: Redis ist der primäre Cache und Session-Store im RAG-System.
           Er liegt im kritischen Pfad für Rate-Limiting und Session-Checks.
    
    HYPOTHESE:
        - Pipeline/Batch-Operationen sind 10-20x schneller
        - P99 Latenz unter 2ms für Einzeloperationen
        - Asynchrone Tests zeigen höheren Durchsatz
    
    REFERENZ: Modul 4 (Query Paths), Modul 8 (Performance-Myth-Busting)
    
[2025-12-17 00:59:45] INFO     db_tests.base_test: ------------------------------------------------------------
[2025-12-17 00:59:45] INFO     db_tests.base_test: Setup...
[2025-12-17 00:59:45] INFO     db_tests.redis_tests: Verbinde zu Redis: localhost:6379
[2025-12-17 00:59:45] INFO     db_tests.redis_tests: ✓ Redis-Verbindung hergestellt
[2025-12-17 00:59:45] INFO     db_tests.redis_tests: ✓ Redis-Datenbank geleert
[2025-12-17 00:59:45] INFO     db_tests.redis_tests: Generiere 10000 Key-Value Paare...
[2025-12-17 00:59:45] INFO     utils.data_generator: Generiere 10000 Key-Value Paare...
[2025-12-17 00:59:46] INFO     db_tests.redis_tests: ✓ 10000 Testdaten generiert
[2025-12-17 00:59:46] INFO     db_tests.base_test: Warmup (100 Operationen)...
[2025-12-17 00:59:46] INFO     db_tests.base_test: Führe Tests aus...
[2025-12-17 00:59:46] INFO     db_tests.redis_tests: Test: Naive Writes (einzelne SET)
[2025-12-17 00:59:51] INFO     db_tests.base_test:   → Redis Naive SET: 2,119 ops/s, P95=0.64ms
[2025-12-17 00:59:51] INFO     db_tests.redis_tests: Test: Pipeline Writes (Batch-SET)
[2025-12-17 00:59:51] INFO     db_tests.base_test:   → Redis Pipeline SET: 75,149 ops/s, P95=0.01ms
[2025-12-17 00:59:51] INFO     db_tests.redis_tests: Test: Naive Reads (einzelne GET)
[2025-12-17 00:59:56] INFO     db_tests.base_test:   → Redis Naive GET: 2,099 ops/s, P95=0.67ms
[2025-12-17 00:59:56] INFO     db_tests.redis_tests: Test: Pipeline Reads (Batch-GET)
[2025-12-17 00:59:56] INFO     db_tests.base_test:   → Redis Pipeline GET: 116,718 ops/s, P95=0.01ms
[2025-12-17 00:59:56] INFO     db_tests.redis_tests: Test: MGET (Multi-Key GET)
[2025-12-17 00:59:56] INFO     db_tests.base_test:   → Redis MGET: 18,705 ops/s, P95=0.09ms
[2025-12-17 00:59:56] INFO     db_tests.redis_tests: Starte asynchrone Redis-Tests...
[2025-12-17 00:59:56] INFO     db_tests.redis_tests: Test: Async Writes (10 Clients)
[2025-12-17 00:59:58] INFO     db_tests.base_test:   → Redis Async SET: 6,038 ops/s, P95=2.32ms
[2025-12-17 00:59:58] INFO     db_tests.redis_tests: Test: Async Reads (10 Clients)
[2025-12-17 00:59:59] INFO     db_tests.base_test:   → Redis Async GET: 7,210 ops/s, P95=1.83ms
[2025-12-17 00:59:59] INFO     db_tests.base_test: ✓ 7 Tests abgeschlossen
[2025-12-17 00:59:59] INFO     db_tests.base_test: Teardown...
[2025-12-17 00:59:59] INFO     db_tests.redis_tests: ✓ Redis-Verbindung geschlossen
[2025-12-17 00:59:59] INFO     utils.report_generator: Ergebnis hinzugefügt: Redis Naive SET
[2025-12-17 00:59:59] INFO     utils.report_generator: Ergebnis hinzugefügt: Redis Pipeline SET
[2025-12-17 00:59:59] INFO     utils.report_generator: Ergebnis hinzugefügt: Redis Naive GET
[2025-12-17 00:59:59] INFO     utils.report_generator: Ergebnis hinzugefügt: Redis Pipeline GET
[2025-12-17 00:59:59] INFO     utils.report_generator: Ergebnis hinzugefügt: Redis MGET
[2025-12-17 00:59:59] INFO     utils.report_generator: Ergebnis hinzugefügt: Redis Async SET
[2025-12-17 00:59:59] INFO     utils.report_generator: Ergebnis hinzugefügt: Redis Async GET
[2025-12-17 00:59:59] INFO     __main__: 
======================================================================
[2025-12-17 00:59:59] INFO     __main__: Starte MONGO Tests
[2025-12-17 00:59:59] INFO     __main__: ======================================================================
[2025-12-17 00:59:59] INFO     db_tests.base_test: ============================================================
[2025-12-17 00:59:59] INFO     db_tests.base_test: Starte Tests für: MongoDB
[2025-12-17 00:59:59] INFO     db_tests.base_test: ============================================================
[2025-12-17 00:59:59] INFO     db_tests.base_test: Beschreibung:

    MongoDB Document Store Performance Tests
    
    WARUM: MongoDB speichert die Chunk-Dokumente im RAG-System.
           Nach der Vektorsuche werden Chunks per ID geladen.
    
    HYPOTHESE:
        - insert_many() ist 5-10x schneller als insert_one()
        - $in-Query ist effizienter als mehrere find_one()
        - Async zeigt höheren Durchsatz bei parallelen Zugriffen
    
    REFERENZ: Modul 5 & 6 (Chunking & Datenmodellierung), Modul 8
    
[2025-12-17 00:59:59] INFO     db_tests.base_test: ------------------------------------------------------------
[2025-12-17 00:59:59] INFO     db_tests.base_test: Setup...
[2025-12-17 00:59:59] INFO     db_tests.mongo_tests: Verbinde zu MongoDB: localhost:27017
[2025-12-17 00:59:59] INFO     db_tests.mongo_tests: ✓ MongoDB-Verbindung hergestellt
[2025-12-17 00:59:59] INFO     db_tests.mongo_tests: ✓ Collection geleert
[2025-12-17 00:59:59] INFO     db_tests.mongo_tests: ✓ Index auf metadata.category erstellt
[2025-12-17 00:59:59] INFO     db_tests.mongo_tests: Generiere 10000 Chunk-Dokumente...
[2025-12-17 00:59:59] INFO     utils.data_generator: Generiere 10000 Chunks...
[2025-12-17 01:00:02] INFO     db_tests.mongo_tests: ✓ 10000 Testdaten generiert
[2025-12-17 01:00:02] INFO     db_tests.base_test: Warmup (100 Operationen)...
[2025-12-17 01:00:02] INFO     db_tests.base_test: Führe Tests aus...
[2025-12-17 01:00:02] INFO     db_tests.mongo_tests: Test: Single Inserts (insert_one)
[2025-12-17 01:00:11] INFO     db_tests.base_test:   → MongoDB Single insert_one: 1,113 ops/s, P95=1.25ms
[2025-12-17 01:00:11] INFO     db_tests.mongo_tests: Test: Bulk Inserts (insert_many)
[2025-12-17 01:00:12] INFO     db_tests.base_test:   → MongoDB Bulk insert_many: 31,190 ops/s, P95=0.05ms
[2025-12-17 01:00:12] INFO     db_tests.mongo_tests: Test: Single Reads (find_one)
[2025-12-17 01:00:22] INFO     db_tests.base_test:   → MongoDB Single find_one: 980 ops/s, P95=1.54ms
[2025-12-17 01:00:22] INFO     db_tests.mongo_tests: Test: Batch Reads ($in Query)
[2025-12-17 01:00:23] INFO     db_tests.base_test:   → MongoDB Batch find ($in): 7,294 ops/s, P95=0.21ms
[2025-12-17 01:00:23] INFO     db_tests.mongo_tests: Test: Filtered Reads (mit Index)
[2025-12-17 01:00:23] INFO     db_tests.base_test:   → MongoDB Filtered find: 403 ops/s, P95=2.70ms
[2025-12-17 01:00:23] INFO     db_tests.mongo_tests: Starte asynchrone MongoDB-Tests...
[2025-12-17 01:00:23] INFO     db_tests.mongo_tests: Test: Async Inserts (10 Clients)
[2025-12-17 01:00:27] INFO     db_tests.base_test:   → MongoDB Async insert_one: 2,619 ops/s, P95=5.80ms
[2025-12-17 01:00:27] INFO     db_tests.mongo_tests: Test: Async Reads (10 Clients)
[2025-12-17 01:00:31] INFO     db_tests.base_test:   → MongoDB Async find_one: 2,551 ops/s, P95=6.00ms
[2025-12-17 01:00:31] INFO     db_tests.base_test: ✓ 7 Tests abgeschlossen
[2025-12-17 01:00:31] INFO     db_tests.base_test: Teardown...
[2025-12-17 01:00:31] WARNING  db_tests.mongo_tests: Fehler beim Schließen der MongoDB-Verbindung: Collection objects do not implement truth value testing or bool(). Please compare with None instead: collection is not None
[2025-12-17 01:00:31] INFO     utils.report_generator: Ergebnis hinzugefügt: MongoDB Single insert_one
[2025-12-17 01:00:31] INFO     utils.report_generator: Ergebnis hinzugefügt: MongoDB Bulk insert_many
[2025-12-17 01:00:31] INFO     utils.report_generator: Ergebnis hinzugefügt: MongoDB Single find_one
[2025-12-17 01:00:31] INFO     utils.report_generator: Ergebnis hinzugefügt: MongoDB Batch find ($in)
[2025-12-17 01:00:31] INFO     utils.report_generator: Ergebnis hinzugefügt: MongoDB Filtered find
[2025-12-17 01:00:31] INFO     utils.report_generator: Ergebnis hinzugefügt: MongoDB Async insert_one
[2025-12-17 01:00:31] INFO     utils.report_generator: Ergebnis hinzugefügt: MongoDB Async find_one
[2025-12-17 01:00:31] INFO     __main__: 
======================================================================
[2025-12-17 01:00:31] INFO     __main__: Starte COUCHDB Tests
[2025-12-17 01:00:31] INFO     __main__: ======================================================================
[2025-12-17 01:00:31] INFO     db_tests.base_test: ============================================================
[2025-12-17 01:00:31] INFO     db_tests.base_test: Starte Tests für: CouchDB
[2025-12-17 01:00:31] INFO     db_tests.base_test: ============================================================
[2025-12-17 01:00:31] INFO     db_tests.base_test: Beschreibung:

    CouchDB Document Store Performance Tests
    
    WARUM: CouchDB ist ein schemafreier Document Store mit
           RESTful API und eingebauter Replikation.
    
    HYPOTHESE:
        - Bulk Operations sind signifikant schneller
        - View Queries schneller als Mango Queries
        - P99 Latenz für einzelne GET unter 10ms
    
    REFERENZ: Modul 5 & 6 (Chunking & Datenmodellierung)
    
[2025-12-17 01:00:31] INFO     db_tests.base_test: ------------------------------------------------------------
[2025-12-17 01:00:31] INFO     db_tests.base_test: Setup...
[2025-12-17 01:00:31] INFO     db_tests.couchdb_tests: Verbinde zu CouchDB: localhost:5984
[2025-12-17 01:00:31] INFO     db_tests.couchdb_tests: ✓ CouchDB-Verbindung hergestellt
[2025-12-17 01:00:31] INFO     db_tests.couchdb_tests: ✓ Mango Index erstellt
[2025-12-17 01:00:31] INFO     db_tests.couchdb_tests: Generiere 10000 Chunk-Dokumente...
[2025-12-17 01:00:31] INFO     utils.data_generator: Generiere 10000 Chunks...
[2025-12-17 01:00:34] INFO     db_tests.couchdb_tests: ✓ 10000 Testdaten generiert
[2025-12-17 01:00:34] INFO     db_tests.base_test: Warmup (100 Operationen)...
[2025-12-17 01:00:35] INFO     db_tests.base_test: Führe Tests aus...
[2025-12-17 01:00:35] INFO     db_tests.couchdb_tests: 
--- Write Performance Tests ---
[2025-12-17 01:00:35] INFO     db_tests.couchdb_tests: Test: Single Document Insert
[2025-12-17 01:00:35] ERROR    db_tests.base_test: Fehler in CouchDB Tests: Object of type datetime is not JSON serializable
[2025-12-17 01:00:35] INFO     db_tests.base_test: Teardown...
[2025-12-17 01:00:35] INFO     db_tests.couchdb_tests: ✓ CouchDB-Verbindung geschlossen
[2025-12-17 01:00:35] ERROR    __main__: Fehler in couchdb Tests: Object of type datetime is not JSON serializable
Traceback (most recent call last):
  File "D:\Documents\GitHub\DHBW_TIF23_RAG_System\rag_v2\tests\run_tests.py", line 239, in run_tests
    results = test.run_all_tests()
              ^^^^^^^^^^^^^^^^^^^^
  File "D:\Documents\GitHub\DHBW_TIF23_RAG_System\rag_v2\tests\db_tests\base_test.py", line 153, in run_all_tests
    self._run_tests()
  File "D:\Documents\GitHub\DHBW_TIF23_RAG_System\rag_v2\tests\db_tests\couchdb_tests.py", line 276, in _run_tests
    self._test_single_insert()
  File "D:\Documents\GitHub\DHBW_TIF23_RAG_System\rag_v2\tests\db_tests\couchdb_tests.py", line 338, in _test_single_insert
    response = self.session.put(
               ^^^^^^^^^^^^^^^^^
  File "D:\Documents\GitHub\DHBW_TIF23_RAG_System\rag_v2\.venv\Lib\site-packages\requests\sessions.py", line 649, in put
    return self.request("PUT", url, data=data, **kwargs)
           ^^^^^^^^^^^^^^^^^^^^^^^^^^^^^^^^^^^^^^^^^^^^^
  File "D:\Documents\GitHub\DHBW_TIF23_RAG_System\rag_v2\.venv\Lib\site-packages\requests\sessions.py", line 575, in request
    prep = self.prepare_request(req)
           ^^^^^^^^^^^^^^^^^^^^^^^^^
  File "D:\Documents\GitHub\DHBW_TIF23_RAG_System\rag_v2\.venv\Lib\site-packages\requests\sessions.py", line 484, in prepare_request
    p.prepare(
  File "D:\Documents\GitHub\DHBW_TIF23_RAG_System\rag_v2\.venv\Lib\site-packages\requests\models.py", line 370, in prepare
    self.prepare_body(data, files, json)
  File "D:\Documents\GitHub\DHBW_TIF23_RAG_System\rag_v2\.venv\Lib\site-packages\requests\models.py", line 510, in prepare_body
    body = complexjson.dumps(json, allow_nan=False)
           ^^^^^^^^^^^^^^^^^^^^^^^^^^^^^^^^^^^^^^^^
  File "C:\Program Files\WindowsApps\PythonSoftwareFoundation.Python.3.12_3.12.2800.0_x64__qbz5n2kfra8p0\Lib\json\__init__.py", line 238, in dumps
    **kw).encode(obj)
          ^^^^^^^^^^^
  File "C:\Program Files\WindowsApps\PythonSoftwareFoundation.Python.3.12_3.12.2800.0_x64__qbz5n2kfra8p0\Lib\json\encoder.py", line 200, in encode
    chunks = self.iterencode(o, _one_shot=True)
             ^^^^^^^^^^^^^^^^^^^^^^^^^^^^^^^^^^
  File "C:\Program Files\WindowsApps\PythonSoftwareFoundation.Python.3.12_3.12.2800.0_x64__qbz5n2kfra8p0\Lib\json\encoder.py", line 258, in iterencode
    return _iterencode(o, 0)
           ^^^^^^^^^^^^^^^^^
  File "C:\Program Files\WindowsApps\PythonSoftwareFoundation.Python.3.12_3.12.2800.0_x64__qbz5n2kfra8p0\Lib\json\encoder.py", line 180, in default
    raise TypeError(f'Object of type {o.__class__.__name__} '
TypeError: Object of type datetime is not JSON serializable
[2025-12-17 01:00:35] INFO     __main__: 
======================================================================
[2025-12-17 01:00:35] INFO     __main__: Starte VECTOR Tests
[2025-12-17 01:00:35] INFO     __main__: ======================================================================
[2025-12-17 01:00:35] INFO     db_tests.base_test: ============================================================
[2025-12-17 01:00:35] INFO     db_tests.base_test: Starte Tests für: Vector Search
[2025-12-17 01:00:35] INFO     db_tests.base_test: ============================================================
[2025-12-17 01:00:35] INFO     db_tests.base_test: Beschreibung:

    Vektorsuche Performance Tests (pgvector & MongoDB)
    
    WARUM: Die Vektorsuche ist der kritische Pfad im RAG-System.
           Das 50ms SLO (P95) muss eingehalten werden!
    
    HYPOTHESE:
        - HNSW-Index ist 10-100x schneller als lineare Suche
        - P95 Latenz mit HNSW unter 50ms
        - Pre-Filtering beschleunigt die Suche
    
    REFERENZ: Modul 7 (Embeddings & Vektorsuche)
    
[2025-12-17 01:00:35] INFO     db_tests.base_test: ------------------------------------------------------------
[2025-12-17 01:00:35] INFO     db_tests.base_test: Setup...
[2025-12-17 01:00:35] INFO     db_tests.vector_tests: Generiere 50000 Vektoren (768D)...
[2025-12-17 01:00:35] INFO     utils.data_generator: Generiere 50000 Vektoren (768D)...
[2025-12-17 01:00:38] INFO     db_tests.vector_tests: ✓ 50000 Vektoren generiert
[2025-12-17 01:00:38] INFO     db_tests.vector_tests: ✓ 1000 Query-Vektoren generiert
[2025-12-17 01:00:38] INFO     db_tests.vector_tests: Verbinde zu pgvector-native: localhost:5433
[2025-12-17 01:00:38] INFO     db_tests.vector_tests: ✓ pgvector-native verbunden und konfiguriert
[2025-12-17 01:00:38] INFO     db_tests.vector_tests: Füge Vektoren in pgvector-native ein...
[2025-12-17 01:02:20] INFO     db_tests.vector_tests: ✓ 50000 Vektoren in pgvector-native eingefügt
[2025-12-17 01:02:20] INFO     db_tests.vector_tests: Verbinde zu pgvector-manual: localhost:5434
[2025-12-17 01:02:20] INFO     db_tests.vector_tests: ✓ pgvector-manual verbunden und konfiguriert
[2025-12-17 01:02:20] INFO     db_tests.vector_tests: Füge Vektoren in pgvector-manual ein...
[2025-12-17 01:04:00] INFO     db_tests.vector_tests: ✓ 50000 Vektoren in pgvector-manual eingefügt
[2025-12-17 01:04:00] INFO     db_tests.vector_tests: Verbinde zu MongoDB-Vector: localhost:27018
[2025-12-17 01:04:00] INFO     db_tests.vector_tests: Füge Vektoren in MongoDB ein...
[2025-12-17 01:04:09] INFO     db_tests.vector_tests: ✓ 50000 Vektoren in MongoDB eingefügt
[2025-12-17 01:04:09] INFO     db_tests.base_test: Warmup (100 Operationen)...
[2025-12-17 01:04:11] INFO     db_tests.base_test: Führe Tests aus...
[2025-12-17 01:04:11] INFO     db_tests.vector_tests: 
============================================================
[2025-12-17 01:04:11] INFO     db_tests.vector_tests: pgvector NATIVE Tests
[2025-12-17 01:04:11] INFO     db_tests.vector_tests: ============================================================
[2025-12-17 01:04:11] INFO     db_tests.vector_tests: Test: Exakte Suche (KNN) - pgvector-Native
[2025-12-17 01:04:29] INFO     db_tests.base_test:   → pgvector-Native KNN (exakt): 6 ops/s, P95=215.93ms
[2025-12-17 01:04:29] INFO     db_tests.vector_tests: Erstelle HNSW-Index für pgvector-Native...
[2025-12-17 01:05:53] INFO     db_tests.vector_tests: ✓ HNSW-Index für pgvector-Native erstellt
[2025-12-17 01:05:53] INFO     db_tests.vector_tests: Test: ANN-Suche (HNSW) - pgvector-Native
[2025-12-17 01:06:45] INFO     db_tests.base_test:   → pgvector-Native ANN (HNSW): 19 ops/s, P95=60.35ms
[2025-12-17 01:06:45] INFO     db_tests.vector_tests: Test: Filtered ANN-Suche - pgvector-Native
[2025-12-17 01:07:37] INFO     db_tests.base_test:   → pgvector-Native Filtered ANN: 19 ops/s, P95=60.10ms
[2025-12-17 01:07:37] INFO     db_tests.vector_tests: 
============================================================
[2025-12-17 01:07:37] INFO     db_tests.vector_tests: pgvector MANUAL Tests
[2025-12-17 01:07:37] INFO     db_tests.vector_tests: ============================================================
[2025-12-17 01:07:37] INFO     db_tests.vector_tests: Test: Exakte Suche (KNN) - pgvector-Manual
[2025-12-17 01:07:54] INFO     db_tests.base_test:   → pgvector-Manual KNN (exakt): 6 ops/s, P95=207.48ms
[2025-12-17 01:07:54] INFO     db_tests.vector_tests: Erstelle HNSW-Index für pgvector-Manual...
[2025-12-17 01:11:24] INFO     db_tests.vector_tests: ✓ HNSW-Index für pgvector-Manual erstellt
[2025-12-17 01:11:24] INFO     db_tests.vector_tests: Test: ANN-Suche (HNSW) - pgvector-Manual
[2025-12-17 01:12:16] INFO     db_tests.base_test:   → pgvector-Manual ANN (HNSW): 19 ops/s, P95=60.30ms
[2025-12-17 01:12:16] INFO     db_tests.vector_tests: Test: Filtered ANN-Suche - pgvector-Manual
[2025-12-17 01:13:08] INFO     db_tests.base_test:   → pgvector-Manual Filtered ANN: 19 ops/s, P95=60.11ms
[2025-12-17 01:13:08] INFO     db_tests.vector_tests: 
============================================================
[2025-12-17 01:13:08] INFO     db_tests.vector_tests: MongoDB Vector Tests
[2025-12-17 01:13:08] INFO     db_tests.vector_tests: ============================================================
[2025-12-17 01:13:08] INFO     db_tests.vector_tests: Test: MongoDB Vector Search
[2025-12-17 01:29:04] INFO     db_tests.base_test:   → MongoDB Vector Search: 0 ops/s, P95=10845.60ms
[2025-12-17 01:29:04] INFO     db_tests.base_test: ✓ 7 Tests abgeschlossen
[2025-12-17 01:29:04] INFO     db_tests.base_test: Teardown...
[2025-12-17 01:29:04] INFO     db_tests.vector_tests: ✓ Vector-Test Cleanup abgeschlossen
[2025-12-17 01:29:04] INFO     utils.report_generator: Ergebnis hinzugefügt: pgvector-Native KNN (exakt)
[2025-12-17 01:29:04] INFO     utils.report_generator: Ergebnis hinzugefügt: pgvector-Native ANN (HNSW)
[2025-12-17 01:29:04] INFO     utils.report_generator: Ergebnis hinzugefügt: pgvector-Native Filtered ANN
[2025-12-17 01:29:04] INFO     utils.report_generator: Ergebnis hinzugefügt: pgvector-Manual KNN (exakt)
[2025-12-17 01:29:04] INFO     utils.report_generator: Ergebnis hinzugefügt: pgvector-Manual ANN (HNSW)
[2025-12-17 01:29:04] INFO     utils.report_generator: Ergebnis hinzugefügt: pgvector-Manual Filtered ANN
[2025-12-17 01:29:04] INFO     utils.report_generator: Ergebnis hinzugefügt: MongoDB Vector Search
[2025-12-17 01:29:04] INFO     __main__: 
----------------------------------------------------------------------
[2025-12-17 01:29:04] INFO     __main__: Generiere Report...
[2025-12-17 01:29:04] INFO     __main__: ----------------------------------------------------------------------
[2025-12-17 01:29:04] INFO     utils.report_generator: Generiere Performance Report...
[2025-12-17 01:29:04] INFO     utils.report_generator: ✓ Report generiert: D:\Documents\GitHub\DHBW_TIF23_RAG_System\rag_v2\tests\reports\report_2025-12-17_00-56-03.md
[2025-12-17 01:29:04] INFO     __main__: ✓ Report gespeichert: D:\Documents\GitHub\DHBW_TIF23_RAG_System\rag_v2\tests\reports\report_2025-12-17_00-56-03.md
[2025-12-17 01:29:04] INFO     __main__: 
======================================================================
[2025-12-17 01:29:04] INFO     __main__: Alle Tests erfolgreich abgeschlossen!
[2025-12-17 01:29:04] INFO     __main__: ======================================================================
[2025-12-17 01:29:04] INFO     __main__: 
----------------------------------------------------------------------
[2025-12-17 01:29:04] INFO     __main__: Stoppe Docker-Infrastruktur...
[2025-12-17 01:29:04] INFO     __main__: ----------------------------------------------------------------------
[2025-12-17 01:29:04] INFO     utils.docker_manager: ============================================================
[2025-12-17 01:29:04] INFO     utils.docker_manager: Stoppe Docker Container...
[2025-12-17 01:29:04] INFO     utils.docker_manager: ============================================================
[2025-12-17 01:29:10] INFO     utils.docker_manager: ✓ Alle Container gestoppt und aufgeräumt!
